<?xml version="1.0" encoding="UTF-8"?>
<!-- Generated by org.testng.reporters.JUnitXMLReporter -->
<testsuite ignored="6" hostname="OShalby-HQ-EN" failures="0" tests="4" name="LoginTest" time="33.061" errors="0" timestamp="2024-02-20T16:51:16 EET">
  <testcase classname="testCases.LoginTC" name="login" time="9.44"/>
  <testcase classname="testCases.ValidateOnErrorTC" name="ValidateOnErrorMessage" time="3.233"/>
  <testcase classname="testCases.PostAdTC" name="ValidateOnErrorMessage" time="19.667"/>
  <testcase classname="testCases.ValidateOnMediaPageTC" name="ValidateOnErrorMessage" time="0.661"/>
  <testcase classname="testCases.TestBase" name="@BeforeSuite setup" time="0.0">
    <ignored/>
  </testcase> <!-- @BeforeSuite setup -->
  <testcase classname="testCases.TestBase" name="@BeforeSuite setup" time="0.0">
    <ignored/>
  </testcase> <!-- @BeforeSuite setup -->
  <testcase classname="testCases.TestBase" name="@AfterSuite quitDriver" time="0.0">
    <ignored/>
  </testcase> <!-- @AfterSuite quitDriver -->
  <testcase classname="testCases.TestBase" name="@BeforeSuite setup" time="0.0">
    <ignored/>
  </testcase> <!-- @BeforeSuite setup -->
  <testcase classname="testCases.TestBase" name="@AfterSuite quitDriver" time="0.0">
    <ignored/>
  </testcase> <!-- @AfterSuite quitDriver -->
  <testcase classname="testCases.TestBase" name="@AfterSuite quitDriver" time="0.0">
    <ignored/>
  </testcase> <!-- @AfterSuite quitDriver -->
</testsuite> <!-- LoginTest -->
