<?xml version="1.0" encoding="UTF-8"?>
<!-- Generated by org.testng.reporters.JUnitXMLReporter -->
<testsuite ignored="2" hostname="OShalby-HQ-EN" failures="0" tests="2" name="LoginTest" time="15.734" errors="0" timestamp="2024-02-20T14:20:13 EET">
  <testcase classname="testCases.Login" name="login" time="12.425"/>
  <testcase classname="testCases.ValidateOnError" name="ValidateOnErrorMessage" time="3.286"/>
  <testcase classname="testCases.TestBase" name="@AfterSuite quitDriver" time="0.0">
    <ignored/>
  </testcase> <!-- @AfterSuite quitDriver -->
  <testcase classname="testCases.TestBase" name="@BeforeSuite setup" time="0.0">
    <ignored/>
  </testcase> <!-- @BeforeSuite setup -->
</testsuite> <!-- LoginTest -->
