<?xml version="1.0" encoding="UTF-8"?>
<!-- Generated by org.testng.reporters.JUnitXMLReporter -->
<testsuite ignored="6" hostname="OShalby-HQ-EN" failures="0" tests="4" name="AllTestCases" time="37.743" errors="0" timestamp="2024-02-21T17:31:36 EET">
  <testcase classname="testCases.LoginTC" name="login" time="9.707"/>
  <testcase classname="testCases.ValidateOnErrorTC" name="ValidateOnErrorMessage" time="6.857"/>
  <testcase classname="testCases.PostAdTC" name="PostAdFlow" time="20.198"/>
  <testcase classname="testCases.ValidateOnMediaPageTC" name="ValidateOnMediaPageTitle" time="0.718"/>
  <testcase classname="testCases.TestBase" name="@BeforeSuite setup" time="0.0">
    <ignored/>
  </testcase> <!-- @BeforeSuite setup -->
  <testcase classname="testCases.TestBase" name="@AfterSuite quitDriver" time="0.0">
    <ignored/>
  </testcase> <!-- @AfterSuite quitDriver -->
  <testcase classname="testCases.TestBase" name="@BeforeSuite setup" time="0.0">
    <ignored/>
  </testcase> <!-- @BeforeSuite setup -->
  <testcase classname="testCases.TestBase" name="@AfterSuite quitDriver" time="0.0">
    <ignored/>
  </testcase> <!-- @AfterSuite quitDriver -->
  <testcase classname="testCases.TestBase" name="@BeforeSuite setup" time="0.0">
    <ignored/>
  </testcase> <!-- @BeforeSuite setup -->
  <testcase classname="testCases.TestBase" name="@AfterSuite quitDriver" time="0.0">
    <ignored/>
  </testcase> <!-- @AfterSuite quitDriver -->
</testsuite> <!-- AllTestCases -->
