<?xml version="1.0" encoding="UTF-8"?>
<testsuite xmlns:xsi="http://www.w3.org/2001/XMLSchema-instance" xsi:noNamespaceSchemaLocation="https://maven.apache.org/surefire/maven-surefire-plugin/xsd/surefire-test-report-3.0.xsd" version="3.0" name="TestSuite" time="46.615" tests="4" errors="0" skipped="0" failures="0">
  <properties>
[...]
</properties>
  <testcase name="login" classname="testCases.LoginTC" time="10.562">
    <system-out><![CDATA[appium:appActivity: com.forsale.app.features.maincontainer.MainContainerActivity
platformName: Android
appium:deviceName: Pixel 4 API 30
appium:automationName: UIAutomator2
appium:platformVersion: 11.0
appium:appPackage: com.forsale.forsale
]]></system-out>
    <system-err><![CDATA[SLF4J: Class path contains multiple SLF4J providers.
SLF4J: Found provider [org.slf4j.simple.SimpleServiceProvider@5034c75a]
SLF4J: Found provider [org.slf4j.reload4j.Reload4jServiceProvider@396a51ab]
SLF4J: See https://www.slf4j.org/codes.html#multiple_bindings for an explanation.
SLF4J: Actual provider is of type [org.slf4j.simple.SimpleServiceProvider@5034c75a]
]]></system-err>
  </testcase>
  <testcase name="ValidateOnErrorMessage" classname="testCases.ValidateOnErrorTC" time="3.862"/>
  <testcase name="PostAdFlow" classname="testCases.PostAdTC" time="17.568"/>
  <testcase name="ValidateOnMediaPageTitle" classname="testCases.ValidateOnMediaPageTC" time="1.284">
    <system-out><![CDATA[Add Mediais hereeeeeeeeeeeeeeeee
]]></system-out>
  </testcase>
</testsuite>