<?xml version="1.0" encoding="UTF-8"?>
<testng-results ignored="0" total="2" passed="2" failed="0" skipped="0">
  <reporter-output>
  </reporter-output>
  <suite started-at="2024-02-20T14:19:57 EET" name="YourTestSuite" finished-at="2024-02-20T14:20:13 EET" duration-ms="15734">
    <groups>
    </groups>
    <test started-at="2024-02-20T14:19:57 EET" name="LoginTest" finished-at="2024-02-20T14:20:13 EET" duration-ms="15734">
      <class name="testCases.Login">
        <test-method is-config="true" signature="setup()[pri:0, instance:testCases.Login@7e07db1f]" started-at="2024-02-20T14:19:51 EET" name="setup" finished-at="2024-02-20T14:19:57 EET" duration-ms="6091" status="PASS">
          <reporter-output>
          </reporter-output>
        </test-method> <!-- setup -->
        <test-method signature="login()[pri:0, instance:testCases.Login@7e07db1f]" started-at="2024-02-20T14:19:57 EET" name="login" finished-at="2024-02-20T14:20:09 EET" duration-ms="12425" status="PASS">
          <reporter-output>
          </reporter-output>
        </test-method> <!-- login -->
        <test-method is-config="true" signature="quitDriver()[pri:0, instance:testCases.Login@7e07db1f]" started-at="2024-02-20T14:20:13 EET" name="quitDriver" finished-at="2024-02-20T14:20:13 EET" duration-ms="520" status="PASS">
          <reporter-output>
          </reporter-output>
        </test-method> <!-- quitDriver -->
      </class> <!-- testCases.Login -->
      <class name="testCases.ValidateOnError">
        <test-method signature="ValidateOnErrorMessage()[pri:0, instance:testCases.ValidateOnError@8f4ea7c]" started-at="2024-02-20T14:20:09 EET" name="ValidateOnErrorMessage" finished-at="2024-02-20T14:20:13 EET" duration-ms="3286" status="PASS">
          <reporter-output>
          </reporter-output>
        </test-method> <!-- ValidateOnErrorMessage -->
      </class> <!-- testCases.ValidateOnError -->
    </test> <!-- LoginTest -->
  </suite> <!-- YourTestSuite -->
</testng-results>
